{"/home/lumusitec/Sistemas/js/testing/jest/unit-testing-jest/arrays.js": {"path":"/home/lumusitec/Sistemas/js/testing/jest/unit-testing-jest/arrays.js","statementMap":{"0":{"start":{"line":1,"column":15},"end":{"line":1,"column":74}},"1":{"start":{"line":2,"column":15},"end":{"line":2,"column":60}},"2":{"start":{"line":4,"column":27},"end":{"line":4,"column":39}},"3":{"start":{"line":4,"column":33},"end":{"line":4,"column":39}},"4":{"start":{"line":5,"column":28},"end":{"line":5,"column":40}},"5":{"start":{"line":5,"column":34},"end":{"line":5,"column":40}}},"fnMap":{"0":{"name":"(anonymous_0)","decl":{"start":{"line":4,"column":27},"end":{"line":4,"column":28}},"loc":{"start":{"line":4,"column":33},"end":{"line":4,"column":39}},"line":4},"1":{"name":"(anonymous_1)","decl":{"start":{"line":5,"column":28},"end":{"line":5,"column":29}},"loc":{"start":{"line":5,"column":34},"end":{"line":5,"column":40}},"line":5}},"branchMap":{},"s":{"0":1,"1":1,"2":1,"3":3,"4":1,"5":1},"f":{"0":3,"1":1},"b":{},"_coverageSchema":"1a1c01bbd47fc00a2c39e90264f33305004495a9","hash":"75ae86b5fac5ccb81866c6cb01f2176b54e72512"}
,"/home/lumusitec/Sistemas/js/testing/jest/unit-testing-jest/callbacks.js": {"path":"/home/lumusitec/Sistemas/js/testing/jest/unit-testing-jest/callbacks.js","statementMap":{"0":{"start":{"line":1,"column":28},"end":{"line":1,"column":70}},"1":{"start":{"line":1,"column":40},"end":{"line":1,"column":70}}},"fnMap":{"0":{"name":"(anonymous_0)","decl":{"start":{"line":1,"column":28},"end":{"line":1,"column":29}},"loc":{"start":{"line":1,"column":40},"end":{"line":1,"column":70}},"line":1}},"branchMap":{},"s":{"0":1,"1":1},"f":{"0":1},"b":{},"_coverageSchema":"1a1c01bbd47fc00a2c39e90264f33305004495a9","hash":"9b0ecafdce7ccb5be87653e4248aa3e9d05319d6"}
,"/home/lumusitec/Sistemas/js/testing/jest/unit-testing-jest/maths.js": {"path":"/home/lumusitec/Sistemas/js/testing/jest/unit-testing-jest/maths.js","statementMap":{"0":{"start":{"line":1,"column":21},"end":{"line":1,"column":36}},"1":{"start":{"line":1,"column":31},"end":{"line":1,"column":36}},"2":{"start":{"line":2,"column":22},"end":{"line":2,"column":37}},"3":{"start":{"line":2,"column":32},"end":{"line":2,"column":37}},"4":{"start":{"line":3,"column":27},"end":{"line":3,"column":42}},"5":{"start":{"line":3,"column":37},"end":{"line":3,"column":42}},"6":{"start":{"line":4,"column":23},"end":{"line":4,"column":38}},"7":{"start":{"line":4,"column":33},"end":{"line":4,"column":38}}},"fnMap":{"0":{"name":"(anonymous_0)","decl":{"start":{"line":1,"column":21},"end":{"line":1,"column":22}},"loc":{"start":{"line":1,"column":31},"end":{"line":1,"column":36}},"line":1},"1":{"name":"(anonymous_1)","decl":{"start":{"line":2,"column":22},"end":{"line":2,"column":23}},"loc":{"start":{"line":2,"column":32},"end":{"line":2,"column":37}},"line":2},"2":{"name":"(anonymous_2)","decl":{"start":{"line":3,"column":27},"end":{"line":3,"column":28}},"loc":{"start":{"line":3,"column":37},"end":{"line":3,"column":42}},"line":3},"3":{"name":"(anonymous_3)","decl":{"start":{"line":4,"column":23},"end":{"line":4,"column":24}},"loc":{"start":{"line":4,"column":33},"end":{"line":4,"column":38}},"line":4}},"branchMap":{},"s":{"0":1,"1":1,"2":1,"3":1,"4":1,"5":1,"6":1,"7":1},"f":{"0":1,"1":1,"2":1,"3":1},"b":{},"_coverageSchema":"1a1c01bbd47fc00a2c39e90264f33305004495a9","hash":"74e59ed96dbcb4a88af6cc9f73f8c39716abcc47"}
,"/home/lumusitec/Sistemas/js/testing/jest/unit-testing-jest/numbers.js": {"path":"/home/lumusitec/Sistemas/js/testing/jest/unit-testing-jest/numbers.js","statementMap":{"0":{"start":{"line":1,"column":23},"end":{"line":3,"column":1}},"1":{"start":{"line":2,"column":4},"end":{"line":2,"column":17}}},"fnMap":{"0":{"name":"(anonymous_0)","decl":{"start":{"line":1,"column":23},"end":{"line":1,"column":24}},"loc":{"start":{"line":1,"column":33},"end":{"line":3,"column":1}},"line":1}},"branchMap":{},"s":{"0":1,"1":5},"f":{"0":5},"b":{},"_coverageSchema":"1a1c01bbd47fc00a2c39e90264f33305004495a9","hash":"908c2fffa8ad6db4e2aff371204fd869050fc823"}
,"/home/lumusitec/Sistemas/js/testing/jest/unit-testing-jest/promise.js": {"path":"/home/lumusitec/Sistemas/js/testing/jest/unit-testing-jest/promise.js","statementMap":{"0":{"start":{"line":3,"column":30},"end":{"line":5,"column":11}},"1":{"start":{"line":3,"column":37},"end":{"line":5,"column":11}},"2":{"start":{"line":5,"column":6},"end":{"line":5,"column":10}}},"fnMap":{"0":{"name":"(anonymous_0)","decl":{"start":{"line":3,"column":30},"end":{"line":3,"column":31}},"loc":{"start":{"line":3,"column":37},"end":{"line":5,"column":11}},"line":3},"1":{"name":"(anonymous_1)","decl":{"start":{"line":3,"column":57},"end":{"line":3,"column":58}},"loc":{"start":{"line":5,"column":6},"end":{"line":5,"column":10}},"line":5}},"branchMap":{},"s":{"0":1,"1":1,"2":1},"f":{"0":1,"1":1},"b":{},"_coverageSchema":"1a1c01bbd47fc00a2c39e90264f33305004495a9","hash":"dbd682c2eaa83c8475bb198aee5118ad7bb4520e"}
,"/home/lumusitec/Sistemas/js/testing/jest/unit-testing-jest/true.js": {"path":"/home/lumusitec/Sistemas/js/testing/jest/unit-testing-jest/true.js","statementMap":{"0":{"start":{"line":1,"column":22},"end":{"line":1,"column":32}},"1":{"start":{"line":1,"column":28},"end":{"line":1,"column":32}},"2":{"start":{"line":3,"column":22},"end":{"line":3,"column":32}},"3":{"start":{"line":3,"column":28},"end":{"line":3,"column":32}},"4":{"start":{"line":5,"column":23},"end":{"line":5,"column":34}},"5":{"start":{"line":5,"column":29},"end":{"line":5,"column":34}},"6":{"start":{"line":7,"column":27},"end":{"line":7,"column":42}},"7":{"start":{"line":7,"column":33},"end":{"line":7,"column":42}}},"fnMap":{"0":{"name":"(anonymous_0)","decl":{"start":{"line":1,"column":22},"end":{"line":1,"column":23}},"loc":{"start":{"line":1,"column":28},"end":{"line":1,"column":32}},"line":1},"1":{"name":"(anonymous_1)","decl":{"start":{"line":3,"column":22},"end":{"line":3,"column":23}},"loc":{"start":{"line":3,"column":28},"end":{"line":3,"column":32}},"line":3},"2":{"name":"(anonymous_2)","decl":{"start":{"line":5,"column":23},"end":{"line":5,"column":24}},"loc":{"start":{"line":5,"column":29},"end":{"line":5,"column":34}},"line":5},"3":{"name":"(anonymous_3)","decl":{"start":{"line":7,"column":27},"end":{"line":7,"column":28}},"loc":{"start":{"line":7,"column":33},"end":{"line":7,"column":42}},"line":7}},"branchMap":{},"s":{"0":1,"1":1,"2":1,"3":1,"4":1,"5":2,"6":1,"7":1},"f":{"0":1,"1":1,"2":2,"3":1},"b":{},"_coverageSchema":"1a1c01bbd47fc00a2c39e90264f33305004495a9","hash":"fedc308d65f20a7388793d913da4434aee29d51d"}
}
